\BOOKMARK [0][-]{chapter.1}{\376\377\000D\000e\000s\000c\000r\000i\000z\000i\000o\000n\000e\000\040\000d\000e\000l\000\040\000s\000i\000t\000o}{}% 1
\BOOKMARK [1][-]{section.1.1}{\376\377\000U\000t\000e\000n\000t\000e\000\040\000p\000u\000b\000b\000l\000i\000c\000o}{chapter.1}% 2
\BOOKMARK [1][-]{section.1.2}{\376\377\000U\000t\000e\000n\000t\000e\000\040\000r\000e\000g\000i\000s\000t\000r\000a\000t\000o\000\040\000\050\000C\000l\000i\000e\000n\000t\000e\000\051}{chapter.1}% 3
\BOOKMARK [1][-]{section.1.3}{\376\377\000M\000e\000m\000b\000r\000o\000\040\000d\000e\000l\000l\000o\000\040\000s\000t\000a\000f\000f\000\040\000a\000z\000i\000e\000n\000d\000a\000l\000e}{chapter.1}% 4
\BOOKMARK [1][-]{section.1.4}{\376\377\000A\000m\000m\000i\000n\000i\000s\000t\000r\000a\000t\000o\000r\000e}{chapter.1}% 5
\BOOKMARK [0][-]{chapter.2}{\376\377\000D\000i\000a\000g\000r\000a\000m\000m\000i\000\040\000e\000\040\000s\000c\000h\000e\000m\000i\000\040\000d\000e\000l\000\040\000S\000i\000t\000o}{}% 6
\BOOKMARK [1][-]{section.2.1}{\376\377\000S\000c\000h\000e\000m\000i\000\040\000d\000e\000i\000\040\000l\000i\000n\000k}{chapter.2}% 7
\BOOKMARK [1][-]{section.2.2}{\376\377\000D\000a\000t\000a\000b\000a\000s\000e}{chapter.2}% 8
\BOOKMARK [0][-]{chapter.3}{\376\377\000M\000o\000c\000k\000u\000p}{}% 9
\BOOKMARK [1][-]{section.3.1}{\376\377\000S\000e\000z\000i\000o\000n\000e\000\040\000p\000u\000b\000b\000l\000i\000c\000a}{chapter.3}% 10
\BOOKMARK [2][-]{subsection.3.1.1}{\376\377\000H\000o\000m\000e\000p\000a\000g\000e}{section.3.1}% 11
\BOOKMARK [2][-]{subsection.3.1.2}{\376\377\000C\000a\000t\000a\000l\000o\000g\000o\000\040\000n\000o\000l\000e\000g\000g\000i}{section.3.1}% 12
\BOOKMARK [2][-]{subsection.3.1.3}{\376\377\000D\000e\000t\000t\000a\000g\000l\000i\000\040\000a\000u\000t\000o\000\040\000s\000e\000l\000e\000z\000i\000o\000n\000a\000t\000a}{section.3.1}% 13
\BOOKMARK [2][-]{subsection.3.1.4}{\376\377\000C\000o\000n\000t\000a\000t\000t\000i}{section.3.1}% 14
\BOOKMARK [2][-]{subsection.3.1.5}{\376\377\000L\000o\000g\000i\000n}{section.3.1}% 15
\BOOKMARK [2][-]{subsection.3.1.6}{\376\377\000R\000e\000g\000i\000s\000t\000r\000a\000z\000i\000o\000n\000e}{section.3.1}% 16
\BOOKMARK [1][-]{section.3.2}{\376\377\000S\000e\000z\000i\000o\000n\000e\000\040\000c\000l\000i\000e\000n\000t\000i}{chapter.3}% 17
\BOOKMARK [2][-]{subsection.3.2.1}{\376\377\000I\000\040\000m\000i\000e\000i\000\040\000n\000o\000l\000e\000g\000g\000i}{section.3.2}% 18
\BOOKMARK [2][-]{subsection.3.2.2}{\376\377\000A\000r\000e\000a\000\040\000r\000i\000s\000e\000r\000v\000a\000t\000a}{section.3.2}% 19
\BOOKMARK [2][-]{subsection.3.2.3}{\376\377\000M\000o\000d\000i\000f\000i\000c\000a\000\040\000d\000a\000t\000i\000\040\000p\000e\000r\000s\000o\000n\000a\000l\000i}{section.3.2}% 20
\BOOKMARK [1][-]{section.3.3}{\376\377\000S\000e\000z\000i\000o\000n\000e\000\040\000s\000t\000a\000f\000f}{chapter.3}% 21
\BOOKMARK [2][-]{subsection.3.3.1}{\376\377\000H\000o\000m\000e\000\040\000s\000t\000a\000f\000f}{section.3.3}% 22
\BOOKMARK [2][-]{subsection.3.3.2}{\376\377\000G\000e\000s\000t\000i\000o\000n\000e\000\040\000a\000u\000t\000o}{section.3.3}% 23
\BOOKMARK [2][-]{subsection.3.3.3}{\376\377\000N\000u\000o\000v\000a\000\040\000a\000u\000t\000o}{section.3.3}% 24
\BOOKMARK [2][-]{subsection.3.3.4}{\376\377\000M\000o\000d\000i\000f\000i\000c\000a\000\040\000a\000u\000t\000o}{section.3.3}% 25
\BOOKMARK [2][-]{subsection.3.3.5}{\376\377\000S\000t\000o\000r\000i\000c\000o\000\040\000d\000e\000i\000\040\000n\000o\000l\000e\000g\000g\000i}{section.3.3}% 26
\BOOKMARK [1][-]{section.3.4}{\376\377\000S\000e\000z\000i\000o\000n\000e\000\040\000a\000d\000m\000i\000n}{chapter.3}% 27
\BOOKMARK [2][-]{subsection.3.4.1}{\376\377\000H\000o\000m\000e\000\040\000A\000d\000m\000i\000n}{section.3.4}% 28
\BOOKMARK [2][-]{subsection.3.4.2}{\376\377\000G\000e\000s\000t\000i\000o\000n\000e\000\040\000S\000t\000a\000f\000f}{section.3.4}% 29
\BOOKMARK [2][-]{subsection.3.4.3}{\376\377\000I\000n\000s\000e\000r\000i\000m\000e\000n\000t\000o\000\040\000m\000e\000m\000b\000r\000o\000\040\000s\000t\000a\000f\000f}{section.3.4}% 30
\BOOKMARK [2][-]{subsection.3.4.4}{\376\377\000M\000o\000d\000i\000f\000i\000c\000a\000\040\000d\000a\000t\000i\000\040\000m\000e\000m\000b\000r\000o\000\040\000s\000t\000a\000f\000f}{section.3.4}% 31
\BOOKMARK [2][-]{subsection.3.4.5}{\376\377\000G\000e\000s\000t\000i\000o\000n\000e\000\040\000C\000l\000i\000e\000n\000t\000i}{section.3.4}% 32
\BOOKMARK [2][-]{subsection.3.4.6}{\376\377\000G\000e\000s\000t\000i\000o\000n\000e\000\040\000F\000A\000Q}{section.3.4}% 33
\BOOKMARK [2][-]{subsection.3.4.7}{\376\377\000I\000n\000s\000e\000r\000i\000m\000e\000n\000t\000o\000\040\000n\000u\000o\000v\000a\000\040\000F\000A\000Q}{section.3.4}% 34
\BOOKMARK [2][-]{subsection.3.4.8}{\376\377\000M\000o\000d\000i\000f\000i\000c\000a\000\040\000F\000A\000Q}{section.3.4}% 35
\BOOKMARK [2][-]{subsection.3.4.9}{\376\377\000S\000t\000a\000t\000i\000s\000t\000i\000c\000h\000e}{section.3.4}% 36
\BOOKMARK [0][-]{chapter.4}{\376\377\000S\000o\000l\000u\000z\000i\000o\000n\000i\000\040\000t\000e\000c\000n\000o\000l\000o\000g\000i\000c\000a\000m\000e\000n\000t\000e\000\040\000i\000n\000t\000e\000r\000e\000s\000s\000a\000n\000t\000i}{}% 37
